<?xml version="1.0" encoding="UTF-8"?>
<!-- Generated by org.testng.reporters.JUnitReportReporter -->
<testsuite skipped="0" hostname="SHVLSP1388F1D" name="com.aia.join.qa.testcases.BackGroundPageTest" tests="1" failures="0" timestamp="07 Feb 2018 15:11:52 GMT" time="54.753" errors="0">
  <testcase name="getPCDetailsFromExcelandEnterData" time="54.753" classname="com.aia.join.qa.testcases.BackGroundPageTest"/>
</testsuite> <!-- com.aia.join.qa.testcases.BackGroundPageTest -->
