<?xml version="1.0" encoding="UTF-8"?>
<!-- Generated by org.testng.reporters.JUnitReportReporter -->
<testsuite skipped="0" hostname="SHVLSP1388F1D" name="com.aia.join.qa.testcases.SelectmemberTypePageTest" tests="1" failures="0" timestamp="05 Feb 2018 11:51:34 GMT" time="79.848" errors="0">
  <testcase name="selectQualifierClickContinue" time="79.848" classname="com.aia.join.qa.testcases.SelectmemberTypePageTest"/>
</testsuite> <!-- com.aia.join.qa.testcases.SelectmemberTypePageTest -->
