<?xml version="1.0" encoding="UTF-8"?>
<!-- Generated by org.testng.reporters.JUnitReportReporter -->
<testsuite skipped="0" hostname="SHVLSP1388F1D" name="com.aia.join.qa.testcases.PersonalAndContactInformationPageTest" tests="1" failures="0" timestamp="05 Feb 2018 10:01:48 GMT" time="46.591" errors="0">
  <testcase name="getPCDetailsFromExcelandEnterData" time="46.591" classname="com.aia.join.qa.testcases.PersonalAndContactInformationPageTest"/>
</testsuite> <!-- com.aia.join.qa.testcases.PersonalAndContactInformationPageTest -->
